2021-08-13 16:01:41 INFO  class:25 - INSIDE VIEW ALL DETAILS-DAO IMPL
2021-08-13 16:01:41 INFO  Version:44 - HHH000412: Hibernate ORM core version 5.4.16.Final
2021-08-13 16:01:41 WARN  deprecation:91 - HHH90000012: Recognized obsolete hibernate namespace http://hibernate.sourceforge.net/hibernate-configuration. Use namespace http://www.hibernate.org/dtd/hibernate-configuration instead.  Support for obsolete DTD/XSD namespaces may be removed at any time.
2021-08-13 16:01:42 INFO  Version:49 - HCANN000001: Hibernate Commons Annotations {5.1.0.Final}
2021-08-13 16:01:42 WARN  pooling:72 - HHH10001002: Using Hibernate built-in connection pool (not for production use!)
2021-08-13 16:01:42 INFO  pooling:115 - HHH10001005: using driver [com.mysql.jdbc.Driver] at URL [jdbc:mysql://localhost:3306/ers]
2021-08-13 16:01:42 INFO  pooling:124 - HHH10001001: Connection properties: {password=****, user=root}
2021-08-13 16:01:42 INFO  pooling:129 - HHH10001003: Autocommit mode: false
2021-08-13 16:01:42 INFO  DriverManagerConnectionProviderImpl:249 - HHH000115: Hibernate connection pool size: 20 (min=1)
2021-08-13 16:01:43 INFO  Dialect:172 - HHH000400: Using dialect: org.hibernate.dialect.MySQL8Dialect
2021-08-13 16:01:45 INFO  access:47 - HHH10001501: Connection obtained from JdbcConnectionAccess [org.hibernate.engine.jdbc.env.internal.JdbcEnvironmentInitiator$ConnectionProviderJdbcConnectionAccess@2921199d] for (non-JTA) DDL execution was not in auto-commit mode; the Connection 'local transaction' will be committed and the Connection will be set into auto-commit mode.
2021-08-13 16:01:45 INFO  JtaPlatformInitiator:52 - HHH000490: Using JtaPlatform implementation: [org.hibernate.engine.transaction.jta.platform.internal.NoJtaPlatform]
2021-08-13 16:07:52 INFO  class:25 - INSIDE VIEW ALL DETAILS-DAO IMPL
2021-08-13 16:07:52 INFO  Version:44 - HHH000412: Hibernate ORM core version 5.4.16.Final
2021-08-13 16:07:52 WARN  deprecation:91 - HHH90000012: Recognized obsolete hibernate namespace http://hibernate.sourceforge.net/hibernate-configuration. Use namespace http://www.hibernate.org/dtd/hibernate-configuration instead.  Support for obsolete DTD/XSD namespaces may be removed at any time.
2021-08-13 16:07:53 INFO  Version:49 - HCANN000001: Hibernate Commons Annotations {5.1.0.Final}
2021-08-13 16:07:53 WARN  pooling:72 - HHH10001002: Using Hibernate built-in connection pool (not for production use!)
2021-08-13 16:07:53 INFO  pooling:115 - HHH10001005: using driver [com.mysql.jdbc.Driver] at URL [jdbc:mysql://localhost:3306/ers]
2021-08-13 16:07:53 INFO  pooling:124 - HHH10001001: Connection properties: {password=****, user=root}
2021-08-13 16:07:53 INFO  pooling:129 - HHH10001003: Autocommit mode: false
2021-08-13 16:07:53 INFO  DriverManagerConnectionProviderImpl:249 - HHH000115: Hibernate connection pool size: 20 (min=1)
2021-08-13 16:07:54 INFO  Dialect:172 - HHH000400: Using dialect: org.hibernate.dialect.MySQL8Dialect
2021-08-13 16:07:55 INFO  access:47 - HHH10001501: Connection obtained from JdbcConnectionAccess [org.hibernate.engine.jdbc.env.internal.JdbcEnvironmentInitiator$ConnectionProviderJdbcConnectionAccess@2921199d] for (non-JTA) DDL execution was not in auto-commit mode; the Connection 'local transaction' will be committed and the Connection will be set into auto-commit mode.
2021-08-13 16:07:55 INFO  JtaPlatformInitiator:52 - HHH000490: Using JtaPlatform implementation: [org.hibernate.engine.transaction.jta.platform.internal.NoJtaPlatform]
2021-08-13 16:07:55 INFO  class:35 - INSIDE REQUEST ACTION-DAO IMPL
2021-08-13 16:07:55 WARN  deprecation:91 - HHH90000012: Recognized obsolete hibernate namespace http://hibernate.sourceforge.net/hibernate-configuration. Use namespace http://www.hibernate.org/dtd/hibernate-configuration instead.  Support for obsolete DTD/XSD namespaces may be removed at any time.
2021-08-13 16:07:55 WARN  pooling:72 - HHH10001002: Using Hibernate built-in connection pool (not for production use!)
2021-08-13 16:07:55 INFO  pooling:115 - HHH10001005: using driver [com.mysql.jdbc.Driver] at URL [jdbc:mysql://localhost:3306/ers]
2021-08-13 16:07:55 INFO  pooling:124 - HHH10001001: Connection properties: {password=****, user=root}
2021-08-13 16:07:55 INFO  pooling:129 - HHH10001003: Autocommit mode: false
2021-08-13 16:07:55 INFO  DriverManagerConnectionProviderImpl:249 - HHH000115: Hibernate connection pool size: 20 (min=1)
2021-08-13 16:07:55 INFO  Dialect:172 - HHH000400: Using dialect: org.hibernate.dialect.MySQL8Dialect
2021-08-13 16:07:56 INFO  access:47 - HHH10001501: Connection obtained from JdbcConnectionAccess [org.hibernate.engine.jdbc.env.internal.JdbcEnvironmentInitiator$ConnectionProviderJdbcConnectionAccess@36224f93] for (non-JTA) DDL execution was not in auto-commit mode; the Connection 'local transaction' will be committed and the Connection will be set into auto-commit mode.
2021-08-13 16:07:56 INFO  JtaPlatformInitiator:52 - HHH000490: Using JtaPlatform implementation: [org.hibernate.engine.transaction.jta.platform.internal.NoJtaPlatform]
2021-08-13 16:10:02 INFO  class:87 - INSIDE VIEW SPECIFIC EMPLOYEE-DAO IMPL
2021-08-13 16:10:03 INFO  Version:44 - HHH000412: Hibernate ORM core version 5.4.16.Final
2021-08-13 16:10:03 WARN  deprecation:91 - HHH90000012: Recognized obsolete hibernate namespace http://hibernate.sourceforge.net/hibernate-configuration. Use namespace http://www.hibernate.org/dtd/hibernate-configuration instead.  Support for obsolete DTD/XSD namespaces may be removed at any time.
2021-08-13 16:10:04 INFO  Version:49 - HCANN000001: Hibernate Commons Annotations {5.1.0.Final}
2021-08-13 16:10:05 WARN  pooling:72 - HHH10001002: Using Hibernate built-in connection pool (not for production use!)
2021-08-13 16:10:05 INFO  pooling:115 - HHH10001005: using driver [com.mysql.jdbc.Driver] at URL [jdbc:mysql://localhost:3306/ers]
2021-08-13 16:10:05 INFO  pooling:124 - HHH10001001: Connection properties: {password=****, user=root}
2021-08-13 16:10:05 INFO  pooling:129 - HHH10001003: Autocommit mode: false
2021-08-13 16:10:05 INFO  DriverManagerConnectionProviderImpl:249 - HHH000115: Hibernate connection pool size: 20 (min=1)
2021-08-13 16:10:06 INFO  Dialect:172 - HHH000400: Using dialect: org.hibernate.dialect.MySQL8Dialect
2021-08-13 16:10:08 INFO  access:47 - HHH10001501: Connection obtained from JdbcConnectionAccess [org.hibernate.engine.jdbc.env.internal.JdbcEnvironmentInitiator$ConnectionProviderJdbcConnectionAccess@2921199d] for (non-JTA) DDL execution was not in auto-commit mode; the Connection 'local transaction' will be committed and the Connection will be set into auto-commit mode.
2021-08-13 16:10:08 INFO  JtaPlatformInitiator:52 - HHH000490: Using JtaPlatform implementation: [org.hibernate.engine.transaction.jta.platform.internal.NoJtaPlatform]
2021-08-13 16:10:09 INFO  class:25 - INSIDE VIEW ALL DETAILS-DAO IMPL
2021-08-13 16:10:09 WARN  deprecation:91 - HHH90000012: Recognized obsolete hibernate namespace http://hibernate.sourceforge.net/hibernate-configuration. Use namespace http://www.hibernate.org/dtd/hibernate-configuration instead.  Support for obsolete DTD/XSD namespaces may be removed at any time.
2021-08-13 16:10:09 WARN  pooling:72 - HHH10001002: Using Hibernate built-in connection pool (not for production use!)
2021-08-13 16:10:09 INFO  pooling:115 - HHH10001005: using driver [com.mysql.jdbc.Driver] at URL [jdbc:mysql://localhost:3306/ers]
2021-08-13 16:10:09 INFO  pooling:124 - HHH10001001: Connection properties: {password=****, user=root}
2021-08-13 16:10:09 INFO  pooling:129 - HHH10001003: Autocommit mode: false
2021-08-13 16:10:09 INFO  DriverManagerConnectionProviderImpl:249 - HHH000115: Hibernate connection pool size: 20 (min=1)
2021-08-13 16:10:09 INFO  Dialect:172 - HHH000400: Using dialect: org.hibernate.dialect.MySQL8Dialect
2021-08-13 16:10:09 INFO  access:47 - HHH10001501: Connection obtained from JdbcConnectionAccess [org.hibernate.engine.jdbc.env.internal.JdbcEnvironmentInitiator$ConnectionProviderJdbcConnectionAccess@2c1d57bc] for (non-JTA) DDL execution was not in auto-commit mode; the Connection 'local transaction' will be committed and the Connection will be set into auto-commit mode.
2021-08-13 16:10:09 INFO  JtaPlatformInitiator:52 - HHH000490: Using JtaPlatform implementation: [org.hibernate.engine.transaction.jta.platform.internal.NoJtaPlatform]
2021-08-13 16:10:09 INFO  class:35 - INSIDE REQUEST ACTION-DAO IMPL
2021-08-13 16:10:09 WARN  deprecation:91 - HHH90000012: Recognized obsolete hibernate namespace http://hibernate.sourceforge.net/hibernate-configuration. Use namespace http://www.hibernate.org/dtd/hibernate-configuration instead.  Support for obsolete DTD/XSD namespaces may be removed at any time.
2021-08-13 16:10:09 WARN  pooling:72 - HHH10001002: Using Hibernate built-in connection pool (not for production use!)
2021-08-13 16:10:09 INFO  pooling:115 - HHH10001005: using driver [com.mysql.jdbc.Driver] at URL [jdbc:mysql://localhost:3306/ers]
2021-08-13 16:10:09 INFO  pooling:124 - HHH10001001: Connection properties: {password=****, user=root}
2021-08-13 16:10:09 INFO  pooling:129 - HHH10001003: Autocommit mode: false
2021-08-13 16:10:09 INFO  DriverManagerConnectionProviderImpl:249 - HHH000115: Hibernate connection pool size: 20 (min=1)
2021-08-13 16:10:09 INFO  Dialect:172 - HHH000400: Using dialect: org.hibernate.dialect.MySQL8Dialect
2021-08-13 16:10:10 INFO  access:47 - HHH10001501: Connection obtained from JdbcConnectionAccess [org.hibernate.engine.jdbc.env.internal.JdbcEnvironmentInitiator$ConnectionProviderJdbcConnectionAccess@3a0b6a] for (non-JTA) DDL execution was not in auto-commit mode; the Connection 'local transaction' will be committed and the Connection will be set into auto-commit mode.
2021-08-13 16:10:10 INFO  JtaPlatformInitiator:52 - HHH000490: Using JtaPlatform implementation: [org.hibernate.engine.transaction.jta.platform.internal.NoJtaPlatform]
2021-08-13 16:10:49 INFO  class:87 - INSIDE VIEW SPECIFIC EMPLOYEE-DAO IMPL
2021-08-13 16:10:50 INFO  Version:44 - HHH000412: Hibernate ORM core version 5.4.16.Final
2021-08-13 16:10:50 WARN  deprecation:91 - HHH90000012: Recognized obsolete hibernate namespace http://hibernate.sourceforge.net/hibernate-configuration. Use namespace http://www.hibernate.org/dtd/hibernate-configuration instead.  Support for obsolete DTD/XSD namespaces may be removed at any time.
2021-08-13 16:10:51 INFO  Version:49 - HCANN000001: Hibernate Commons Annotations {5.1.0.Final}
2021-08-13 16:10:52 WARN  pooling:72 - HHH10001002: Using Hibernate built-in connection pool (not for production use!)
2021-08-13 16:10:52 INFO  pooling:115 - HHH10001005: using driver [com.mysql.jdbc.Driver] at URL [jdbc:mysql://localhost:3306/ers]
2021-08-13 16:10:52 INFO  pooling:124 - HHH10001001: Connection properties: {password=****, user=root}
2021-08-13 16:10:52 INFO  pooling:129 - HHH10001003: Autocommit mode: false
2021-08-13 16:10:52 INFO  DriverManagerConnectionProviderImpl:249 - HHH000115: Hibernate connection pool size: 20 (min=1)
2021-08-13 16:10:53 INFO  Dialect:172 - HHH000400: Using dialect: org.hibernate.dialect.MySQL8Dialect
2021-08-13 16:10:55 INFO  access:47 - HHH10001501: Connection obtained from JdbcConnectionAccess [org.hibernate.engine.jdbc.env.internal.JdbcEnvironmentInitiator$ConnectionProviderJdbcConnectionAccess@2921199d] for (non-JTA) DDL execution was not in auto-commit mode; the Connection 'local transaction' will be committed and the Connection will be set into auto-commit mode.
2021-08-13 16:10:55 INFO  JtaPlatformInitiator:52 - HHH000490: Using JtaPlatform implementation: [org.hibernate.engine.transaction.jta.platform.internal.NoJtaPlatform]
2021-08-13 16:10:56 INFO  class:25 - INSIDE VIEW ALL DETAILS-DAO IMPL
2021-08-13 16:10:56 WARN  deprecation:91 - HHH90000012: Recognized obsolete hibernate namespace http://hibernate.sourceforge.net/hibernate-configuration. Use namespace http://www.hibernate.org/dtd/hibernate-configuration instead.  Support for obsolete DTD/XSD namespaces may be removed at any time.
2021-08-13 16:10:56 WARN  pooling:72 - HHH10001002: Using Hibernate built-in connection pool (not for production use!)
2021-08-13 16:10:56 INFO  pooling:115 - HHH10001005: using driver [com.mysql.jdbc.Driver] at URL [jdbc:mysql://localhost:3306/ers]
2021-08-13 16:10:56 INFO  pooling:124 - HHH10001001: Connection properties: {password=****, user=root}
2021-08-13 16:10:56 INFO  pooling:129 - HHH10001003: Autocommit mode: false
2021-08-13 16:10:56 INFO  DriverManagerConnectionProviderImpl:249 - HHH000115: Hibernate connection pool size: 20 (min=1)
2021-08-13 16:10:56 INFO  Dialect:172 - HHH000400: Using dialect: org.hibernate.dialect.MySQL8Dialect
2021-08-13 16:10:56 INFO  access:47 - HHH10001501: Connection obtained from JdbcConnectionAccess [org.hibernate.engine.jdbc.env.internal.JdbcEnvironmentInitiator$ConnectionProviderJdbcConnectionAccess@2c1d57bc] for (non-JTA) DDL execution was not in auto-commit mode; the Connection 'local transaction' will be committed and the Connection will be set into auto-commit mode.
2021-08-13 16:10:56 INFO  JtaPlatformInitiator:52 - HHH000490: Using JtaPlatform implementation: [org.hibernate.engine.transaction.jta.platform.internal.NoJtaPlatform]
2021-08-13 16:10:56 INFO  class:35 - INSIDE REQUEST ACTION-DAO IMPL
2021-08-13 16:10:56 WARN  deprecation:91 - HHH90000012: Recognized obsolete hibernate namespace http://hibernate.sourceforge.net/hibernate-configuration. Use namespace http://www.hibernate.org/dtd/hibernate-configuration instead.  Support for obsolete DTD/XSD namespaces may be removed at any time.
2021-08-13 16:10:57 WARN  pooling:72 - HHH10001002: Using Hibernate built-in connection pool (not for production use!)
2021-08-13 16:10:57 INFO  pooling:115 - HHH10001005: using driver [com.mysql.jdbc.Driver] at URL [jdbc:mysql://localhost:3306/ers]
2021-08-13 16:10:57 INFO  pooling:124 - HHH10001001: Connection properties: {password=****, user=root}
2021-08-13 16:10:57 INFO  pooling:129 - HHH10001003: Autocommit mode: false
2021-08-13 16:10:57 INFO  DriverManagerConnectionProviderImpl:249 - HHH000115: Hibernate connection pool size: 20 (min=1)
2021-08-13 16:10:57 INFO  Dialect:172 - HHH000400: Using dialect: org.hibernate.dialect.MySQL8Dialect
2021-08-13 16:10:57 INFO  access:47 - HHH10001501: Connection obtained from JdbcConnectionAccess [org.hibernate.engine.jdbc.env.internal.JdbcEnvironmentInitiator$ConnectionProviderJdbcConnectionAccess@3a0b6a] for (non-JTA) DDL execution was not in auto-commit mode; the Connection 'local transaction' will be committed and the Connection will be set into auto-commit mode.
2021-08-13 16:10:57 INFO  JtaPlatformInitiator:52 - HHH000490: Using JtaPlatform implementation: [org.hibernate.engine.transaction.jta.platform.internal.NoJtaPlatform]
